c:\users\ckd16.desktop-vdth2tv\onedrive\바탕 화면\folder\endless-main\endless-main\endless\x64\debug\vc142.pdb
c:\users\ckd16.desktop-vdth2tv\onedrive\바탕 화면\folder\endless-main\endless-main\endless\x64\debug\vc142.idb
c:\users\ckd16.desktop-vdth2tv\onedrive\바탕 화면\folder\endless-main\endless-main\endless\x64\debug\cidlestate.obj
c:\users\ckd16.desktop-vdth2tv\onedrive\바탕 화면\folder\endless-main\endless-main\endless\x64\debug\cgamemgr.obj
c:\users\ckd16.desktop-vdth2tv\onedrive\바탕 화면\folder\endless-main\endless-main\endless\x64\debug\cfbxmgr.obj
c:\users\ckd16.desktop-vdth2tv\onedrive\바탕 화면\folder\endless-main\endless-main\endless\x64\debug\cexitbutton.obj
c:\users\ckd16.desktop-vdth2tv\onedrive\바탕 화면\folder\endless-main\endless-main\endless\x64\debug\ceventmgr.obj
c:\users\ckd16.desktop-vdth2tv\onedrive\바탕 화면\folder\endless-main\endless-main\endless\x64\debug\cepicmonster.obj
c:\users\ckd16.desktop-vdth2tv\onedrive\바탕 화면\folder\endless-main\endless-main\endless\x64\debug\cdepthtexture.obj
c:\users\ckd16.desktop-vdth2tv\onedrive\바탕 화면\folder\endless-main\endless-main\endless\x64\debug\cdepthshader.obj
c:\users\ckd16.desktop-vdth2tv\onedrive\바탕 화면\folder\endless-main\endless-main\endless\x64\debug\cd3dapp.obj
c:\users\ckd16.desktop-vdth2tv\onedrive\바탕 화면\folder\endless-main\endless-main\endless\x64\debug\ccomponent.obj
c:\users\ckd16.desktop-vdth2tv\onedrive\바탕 화면\folder\endless-main\endless-main\endless\x64\debug\ccollidershader.obj
c:\users\ckd16.desktop-vdth2tv\onedrive\바탕 화면\folder\endless-main\endless-main\endless\x64\debug\ccollisionmgr.obj
c:\users\ckd16.desktop-vdth2tv\onedrive\바탕 화면\folder\endless-main\endless-main\endless\x64\debug\ccolliderbuffer.obj
c:\users\ckd16.desktop-vdth2tv\onedrive\바탕 화면\folder\endless-main\endless-main\endless\x64\debug\ccollider.obj
c:\users\ckd16.desktop-vdth2tv\onedrive\바탕 화면\folder\endless-main\endless-main\endless\x64\debug\cchasestate.obj
c:\users\ckd16.desktop-vdth2tv\onedrive\바탕 화면\folder\endless-main\endless-main\endless\x64\debug\ccentral.obj
c:\users\ckd16.desktop-vdth2tv\onedrive\바탕 화면\folder\endless-main\endless-main\endless\x64\debug\ccamera.obj
c:\users\ckd16.desktop-vdth2tv\onedrive\바탕 화면\folder\endless-main\endless-main\endless\x64\debug\cbullet.obj
c:\users\ckd16.desktop-vdth2tv\onedrive\바탕 화면\folder\endless-main\endless-main\endless\x64\debug\cbuffermgr.obj
c:\users\ckd16.desktop-vdth2tv\onedrive\바탕 화면\folder\endless-main\endless-main\endless\x64\debug\cattackstate.obj
c:\users\ckd16.desktop-vdth2tv\onedrive\바탕 화면\folder\endless-main\endless-main\endless\x64\debug\cstage1button.obj
c:\users\ckd16.desktop-vdth2tv\onedrive\바탕 화면\folder\endless-main\endless-main\endless\x64\debug\cshadowshader.obj
c:\users\ckd16.desktop-vdth2tv\onedrive\바탕 화면\folder\endless-main\endless-main\endless\x64\debug\cshadermgr.obj
c:\users\ckd16.desktop-vdth2tv\onedrive\바탕 화면\folder\endless-main\endless-main\endless\x64\debug\cscenemgr.obj
c:\users\ckd16.desktop-vdth2tv\onedrive\바탕 화면\folder\endless-main\endless-main\endless\x64\debug\cscene.obj
c:\users\ckd16.desktop-vdth2tv\onedrive\바탕 화면\folder\endless-main\endless-main\endless\x64\debug\crigidbody.obj
c:\users\ckd16.desktop-vdth2tv\onedrive\바탕 화면\folder\endless-main\endless-main\endless\x64\debug\cresumebutton.obj
c:\users\ckd16.desktop-vdth2tv\onedrive\바탕 화면\folder\endless-main\endless-main\endless\x64\debug\cplayercontroller.obj
c:\users\ckd16.desktop-vdth2tv\onedrive\바탕 화면\folder\endless-main\endless-main\endless\x64\debug\ccommonshader.obj
c:\users\ckd16.desktop-vdth2tv\onedrive\바탕 화면\folder\endless-main\endless-main\endless\x64\debug\cplayer.obj
c:\users\ckd16.desktop-vdth2tv\onedrive\바탕 화면\folder\endless-main\endless-main\endless\x64\debug\cplane.obj
c:\users\ckd16.desktop-vdth2tv\onedrive\바탕 화면\folder\endless-main\endless-main\endless\x64\debug\cpatrolstate.obj
c:\users\ckd16.desktop-vdth2tv\onedrive\바탕 화면\folder\endless-main\endless-main\endless\x64\debug\cpanelui.obj
c:\users\ckd16.desktop-vdth2tv\onedrive\바탕 화면\folder\endless-main\endless-main\endless\x64\debug\cobjectbuffer.obj
c:\users\ckd16.desktop-vdth2tv\onedrive\바탕 화면\folder\endless-main\endless-main\endless\x64\debug\cobject.obj
c:\users\ckd16.desktop-vdth2tv\onedrive\바탕 화면\folder\endless-main\endless-main\endless\x64\debug\cnormalmonster.obj
c:\users\ckd16.desktop-vdth2tv\onedrive\바탕 화면\folder\endless-main\endless-main\endless\x64\debug\cmonster.obj
c:\users\ckd16.desktop-vdth2tv\onedrive\바탕 화면\folder\endless-main\endless-main\endless\x64\debug\cmenubutton.obj
c:\users\ckd16.desktop-vdth2tv\onedrive\바탕 화면\folder\endless-main\endless-main\endless\x64\debug\clight.obj
c:\users\ckd16.desktop-vdth2tv\onedrive\바탕 화면\folder\endless-main\endless-main\endless\x64\debug\ckeymgr.obj
c:\users\ckd16.desktop-vdth2tv\onedrive\바탕 화면\folder\endless-main\endless-main\endless\x64\debug\main.obj
c:\users\ckd16.desktop-vdth2tv\onedrive\바탕 화면\folder\endless-main\endless-main\endless\x64\debug\ddstextureloader11.obj
c:\users\ckd16.desktop-vdth2tv\onedrive\바탕 화면\folder\endless-main\endless-main\endless\x64\debug\cwall.obj
c:\users\ckd16.desktop-vdth2tv\onedrive\바탕 화면\folder\endless-main\endless-main\endless\x64\debug\cuibuffer.obj
c:\users\ckd16.desktop-vdth2tv\onedrive\바탕 화면\folder\endless-main\endless-main\endless\x64\debug\cui.obj
c:\users\ckd16.desktop-vdth2tv\onedrive\바탕 화면\folder\endless-main\endless-main\endless\x64\debug\ctimemgr.obj
c:\users\ckd16.desktop-vdth2tv\onedrive\바탕 화면\folder\endless-main\endless-main\endless\x64\debug\cuishader.obj
c:\users\ckd16.desktop-vdth2tv\onedrive\바탕 화면\folder\endless-main\endless-main\endless\x64\debug\cuimgr.obj
c:\users\ckd16.desktop-vdth2tv\onedrive\바탕 화면\folder\endless-main\endless-main\endless\x64\debug\ctexturemgr.obj
c:\users\ckd16.desktop-vdth2tv\onedrive\바탕 화면\folder\endless-main\endless-main\endless\x64\debug\ctexture.obj
c:\users\ckd16.desktop-vdth2tv\onedrive\바탕 화면\folder\endless-main\endless-main\endless\x64\debug\cstructure.obj
c:\users\ckd16.desktop-vdth2tv\onedrive\바탕 화면\folder\endless-main\endless-main\endless\x64\debug\cstate.obj
c:\users\ckd16.desktop-vdth2tv\onedrive\바탕 화면\folder\endless-main\endless-main\endless\x64\debug\cstartscene.obj
c:\users\ckd16.desktop-vdth2tv\onedrive\바탕 화면\folder\endless-main\endless-main\endless\x64\debug\cstage3scene.obj
c:\users\ckd16.desktop-vdth2tv\onedrive\바탕 화면\folder\endless-main\endless-main\endless\x64\debug\cstage3button.obj
c:\users\ckd16.desktop-vdth2tv\onedrive\바탕 화면\folder\endless-main\endless-main\endless\x64\debug\cstage2scene.obj
c:\users\ckd16.desktop-vdth2tv\onedrive\바탕 화면\folder\endless-main\endless-main\endless\x64\debug\cstage2button.obj
c:\users\ckd16.desktop-vdth2tv\onedrive\바탕 화면\folder\endless-main\endless-main\endless\x64\debug\cstage1scene.obj
c:\endless-main\endless-main\endless\x64\debug\vc142.pdb
c:\endless-main\endless-main\endless\x64\debug\vc142.idb
c:\endless-main\endless-main\endless\x64\debug\cidlestate.obj
c:\endless-main\endless-main\endless\x64\debug\cgamemgr.obj
c:\endless-main\endless-main\endless\x64\debug\cfbxmgr.obj
c:\endless-main\endless-main\endless\x64\debug\cexitbutton.obj
c:\endless-main\endless-main\endless\x64\debug\ceventmgr.obj
c:\endless-main\endless-main\endless\x64\debug\cepicmonster.obj
c:\endless-main\endless-main\endless\x64\debug\cdepthtexture.obj
c:\endless-main\endless-main\endless\x64\debug\cdepthshader.obj
c:\endless-main\endless-main\endless\x64\debug\cd3dapp.obj
c:\endless-main\endless-main\endless\x64\debug\ccomponent.obj
c:\endless-main\endless-main\endless\x64\debug\ccollidershader.obj
c:\endless-main\endless-main\endless\x64\debug\ccollisionmgr.obj
c:\endless-main\endless-main\endless\x64\debug\ccolliderbuffer.obj
c:\endless-main\endless-main\endless\x64\debug\ccollider.obj
c:\endless-main\endless-main\endless\x64\debug\cchasestate.obj
c:\endless-main\endless-main\endless\x64\debug\ccentral.obj
c:\endless-main\endless-main\endless\x64\debug\ccamera.obj
c:\endless-main\endless-main\endless\x64\debug\cbullet.obj
c:\endless-main\endless-main\endless\x64\debug\cbuffermgr.obj
c:\endless-main\endless-main\endless\x64\debug\cattackstate.obj
c:\endless-main\endless-main\endless\x64\debug\cstage1button.obj
c:\endless-main\endless-main\endless\x64\debug\cshadowshader.obj
c:\endless-main\endless-main\endless\x64\debug\cshadermgr.obj
c:\endless-main\endless-main\endless\x64\debug\cscenemgr.obj
c:\endless-main\endless-main\endless\x64\debug\cscene.obj
c:\endless-main\endless-main\endless\x64\debug\crigidbody.obj
c:\endless-main\endless-main\endless\x64\debug\cresumebutton.obj
c:\endless-main\endless-main\endless\x64\debug\cplayercontroller.obj
c:\endless-main\endless-main\endless\x64\debug\ccommonshader.obj
c:\endless-main\endless-main\endless\x64\debug\cplayer.obj
c:\endless-main\endless-main\endless\x64\debug\cplane.obj
c:\endless-main\endless-main\endless\x64\debug\cpatrolstate.obj
c:\endless-main\endless-main\endless\x64\debug\cpanelui.obj
c:\endless-main\endless-main\endless\x64\debug\cobjectbuffer.obj
c:\endless-main\endless-main\endless\x64\debug\cobject.obj
c:\endless-main\endless-main\endless\x64\debug\cnormalmonster.obj
c:\endless-main\endless-main\endless\x64\debug\cmonster.obj
c:\endless-main\endless-main\endless\x64\debug\cmenubutton.obj
c:\endless-main\endless-main\endless\x64\debug\clight.obj
c:\endless-main\endless-main\endless\x64\debug\ckeymgr.obj
c:\endless-main\endless-main\endless\x64\debug\main.obj
c:\endless-main\endless-main\endless\x64\debug\ddstextureloader11.obj
c:\endless-main\endless-main\endless\x64\debug\cwall.obj
c:\endless-main\endless-main\endless\x64\debug\cuibuffer.obj
c:\endless-main\endless-main\endless\x64\debug\cui.obj
c:\endless-main\endless-main\endless\x64\debug\ctimemgr.obj
c:\endless-main\endless-main\endless\x64\debug\cuishader.obj
c:\endless-main\endless-main\endless\x64\debug\cuimgr.obj
c:\endless-main\endless-main\endless\x64\debug\ctexturemgr.obj
c:\endless-main\endless-main\endless\x64\debug\ctexture.obj
c:\endless-main\endless-main\endless\x64\debug\cstructure.obj
c:\endless-main\endless-main\endless\x64\debug\cstate.obj
c:\endless-main\endless-main\endless\x64\debug\cstartscene.obj
c:\endless-main\endless-main\endless\x64\debug\cstage3scene.obj
c:\endless-main\endless-main\endless\x64\debug\cstage3button.obj
c:\endless-main\endless-main\endless\x64\debug\cstage2scene.obj
c:\endless-main\endless-main\endless\x64\debug\cstage2button.obj
c:\endless-main\endless-main\endless\x64\debug\cstage1scene.obj
c:\users\ckd16.desktop-vdth2tv\onedrive\바탕 화면\folder\endless-main\endless-main\build\debug\endless.exe
c:\users\ckd16.desktop-vdth2tv\onedrive\바탕 화면\folder\endless-main\endless-main\build\debug\endless.ilk
c:\users\ckd16.desktop-vdth2tv\onedrive\바탕 화면\folder\endless-main\endless-main\build\debug\endless.pdb
c:\endless-main\endless-main\build\debug\endless.exe
c:\endless-main\endless-main\build\debug\endless.ilk
c:\endless-main\endless-main\build\debug\endless.pdb
c:\users\ckd16.desktop-vdth2tv\onedrive\바탕 화면\folder\endless-main\endless-main\endless\x64\debug\endless.res
c:\endless-main\endless-main\endless\x64\debug\endless.res
c:\endless-main\endless-main\endless\x64\debug\endless.tlog\cl.command.1.tlog
c:\endless-main\endless-main\endless\x64\debug\endless.tlog\cl.read.1.tlog
c:\endless-main\endless-main\endless\x64\debug\endless.tlog\cl.write.1.tlog
c:\endless-main\endless-main\endless\x64\debug\endless.tlog\link.command.1.tlog
c:\endless-main\endless-main\endless\x64\debug\endless.tlog\link.read.1.tlog
c:\endless-main\endless-main\endless\x64\debug\endless.tlog\link.write.1.tlog
c:\endless-main\endless-main\endless\x64\debug\endless.tlog\rc.command.1.tlog
c:\endless-main\endless-main\endless\x64\debug\endless.tlog\rc.read.1.tlog
c:\endless-main\endless-main\endless\x64\debug\endless.tlog\rc.write.1.tlog
