c:\users\sejin\desktop\folder\portfolio\endless\endless\x64\release\vc142.pdb
c:\users\sejin\desktop\folder\portfolio\endless\endless\x64\release\cidlestate.obj
c:\users\sejin\desktop\folder\portfolio\endless\endless\x64\release\cgamemgr.obj
c:\users\sejin\desktop\folder\portfolio\endless\endless\x64\release\cfbxmgr.obj
c:\users\sejin\desktop\folder\portfolio\endless\endless\x64\release\cexitbutton.obj
c:\users\sejin\desktop\folder\portfolio\endless\endless\x64\release\ceventmgr.obj
c:\users\sejin\desktop\folder\portfolio\endless\endless\x64\release\cepicmonster.obj
c:\users\sejin\desktop\folder\portfolio\endless\endless\x64\release\cdepthtexture.obj
c:\users\sejin\desktop\folder\portfolio\endless\endless\x64\release\cdepthshader.obj
c:\users\sejin\desktop\folder\portfolio\endless\endless\x64\release\cd3dapp.obj
c:\users\sejin\desktop\folder\portfolio\endless\endless\x64\release\ccomponent.obj
c:\users\sejin\desktop\folder\portfolio\endless\endless\x64\release\ccollidershader.obj
c:\users\sejin\desktop\folder\portfolio\endless\endless\x64\release\ccollisionmgr.obj
c:\users\sejin\desktop\folder\portfolio\endless\endless\x64\release\ccolliderbuffer.obj
c:\users\sejin\desktop\folder\portfolio\endless\endless\x64\release\ccollider.obj
c:\users\sejin\desktop\folder\portfolio\endless\endless\x64\release\cchasestate.obj
c:\users\sejin\desktop\folder\portfolio\endless\endless\x64\release\ccentral.obj
c:\users\sejin\desktop\folder\portfolio\endless\endless\x64\release\ccamera.obj
c:\users\sejin\desktop\folder\portfolio\endless\endless\x64\release\cbullet.obj
c:\users\sejin\desktop\folder\portfolio\endless\endless\x64\release\cbuffermgr.obj
c:\users\sejin\desktop\folder\portfolio\endless\endless\x64\release\cattackstate.obj
c:\users\sejin\desktop\folder\portfolio\endless\endless\x64\release\cstage1button.obj
c:\users\sejin\desktop\folder\portfolio\endless\endless\x64\release\cshadowshader.obj
c:\users\sejin\desktop\folder\portfolio\endless\endless\x64\release\cshadermgr.obj
c:\users\sejin\desktop\folder\portfolio\endless\endless\x64\release\cscenemgr.obj
c:\users\sejin\desktop\folder\portfolio\endless\endless\x64\release\cscene.obj
c:\users\sejin\desktop\folder\portfolio\endless\endless\x64\release\crigidbody.obj
c:\users\sejin\desktop\folder\portfolio\endless\endless\x64\release\cresumebutton.obj
c:\users\sejin\desktop\folder\portfolio\endless\endless\x64\release\cplayercontroller.obj
c:\users\sejin\desktop\folder\portfolio\endless\endless\x64\release\ccommonshader.obj
c:\users\sejin\desktop\folder\portfolio\endless\endless\x64\release\cplayer.obj
c:\users\sejin\desktop\folder\portfolio\endless\endless\x64\release\cplane.obj
c:\users\sejin\desktop\folder\portfolio\endless\endless\x64\release\cpatrolstate.obj
c:\users\sejin\desktop\folder\portfolio\endless\endless\x64\release\cpanelui.obj
c:\users\sejin\desktop\folder\portfolio\endless\endless\x64\release\cobjectbuffer.obj
c:\users\sejin\desktop\folder\portfolio\endless\endless\x64\release\cobject.obj
c:\users\sejin\desktop\folder\portfolio\endless\endless\x64\release\cnormalmonster.obj
c:\users\sejin\desktop\folder\portfolio\endless\endless\x64\release\cmonster.obj
c:\users\sejin\desktop\folder\portfolio\endless\endless\x64\release\cmenubutton.obj
c:\users\sejin\desktop\folder\portfolio\endless\endless\x64\release\clight.obj
c:\users\sejin\desktop\folder\portfolio\endless\endless\x64\release\ckeymgr.obj
c:\users\sejin\desktop\folder\portfolio\endless\endless\x64\release\main.obj
c:\users\sejin\desktop\folder\portfolio\endless\endless\x64\release\ddstextureloader11.obj
c:\users\sejin\desktop\folder\portfolio\endless\endless\x64\release\cwall.obj
c:\users\sejin\desktop\folder\portfolio\endless\endless\x64\release\cuibuffer.obj
c:\users\sejin\desktop\folder\portfolio\endless\endless\x64\release\cui.obj
c:\users\sejin\desktop\folder\portfolio\endless\endless\x64\release\ctimemgr.obj
c:\users\sejin\desktop\folder\portfolio\endless\endless\x64\release\cuishader.obj
c:\users\sejin\desktop\folder\portfolio\endless\endless\x64\release\cuimgr.obj
c:\users\sejin\desktop\folder\portfolio\endless\endless\x64\release\ctexturemgr.obj
c:\users\sejin\desktop\folder\portfolio\endless\endless\x64\release\ctexture.obj
c:\users\sejin\desktop\folder\portfolio\endless\endless\x64\release\cstructure.obj
c:\users\sejin\desktop\folder\portfolio\endless\endless\x64\release\cstate.obj
c:\users\sejin\desktop\folder\portfolio\endless\endless\x64\release\cstartscene.obj
c:\users\sejin\desktop\folder\portfolio\endless\endless\x64\release\cstage3scene.obj
c:\users\sejin\desktop\folder\portfolio\endless\endless\x64\release\cstage3button.obj
c:\users\sejin\desktop\folder\portfolio\endless\endless\x64\release\cstage2scene.obj
c:\users\sejin\desktop\folder\portfolio\endless\endless\x64\release\cstage2button.obj
c:\users\sejin\desktop\folder\portfolio\endless\endless\x64\release\cstage1scene.obj
c:\users\sejin\desktop\folder\portfolio\endless\build\release\endless.exe
c:\users\sejin\desktop\folder\portfolio\endless\endless\x64\release\endless.ipdb
c:\users\sejin\desktop\folder\portfolio\endless\endless\x64\release\endless.iobj
c:\users\sejin\desktop\folder\portfolio\endless\build\release\endless.pdb
c:\users\sejin\desktop\folder\portfolio\endless\endless\x64\release\endless.res
c:\users\sejin\desktop\folder\portfolio\endless\endless\x64\release\endless.tlog\cl.command.1.tlog
c:\users\sejin\desktop\folder\portfolio\endless\endless\x64\release\endless.tlog\cl.read.1.tlog
c:\users\sejin\desktop\folder\portfolio\endless\endless\x64\release\endless.tlog\cl.write.1.tlog
c:\users\sejin\desktop\folder\portfolio\endless\endless\x64\release\endless.tlog\link.command.1.tlog
c:\users\sejin\desktop\folder\portfolio\endless\endless\x64\release\endless.tlog\link.read.1.tlog
c:\users\sejin\desktop\folder\portfolio\endless\endless\x64\release\endless.tlog\link.write.1.tlog
c:\users\sejin\desktop\folder\portfolio\endless\endless\x64\release\endless.tlog\rc.command.1.tlog
c:\users\sejin\desktop\folder\portfolio\endless\endless\x64\release\endless.tlog\rc.read.1.tlog
c:\users\sejin\desktop\folder\portfolio\endless\endless\x64\release\endless.tlog\rc.write.1.tlog
