c:\users\sejin\desktop\folder\portfolio\endless\endless\debug\vc142.pdb
c:\users\sejin\desktop\folder\portfolio\endless\endless\debug\vc142.idb
c:\users\sejin\desktop\folder\portfolio\endless\endless\debug\ddstextureloader11.obj
c:\users\sejin\desktop\folder\portfolio\endless\endless\debug\ctimemgr.obj
c:\users\sejin\desktop\folder\portfolio\endless\endless\debug\ctexturemgr.obj
c:\users\sejin\desktop\folder\portfolio\endless\endless\debug\ctexture.obj
c:\users\sejin\desktop\folder\portfolio\endless\endless\debug\cstructure.obj
c:\users\sejin\desktop\folder\portfolio\endless\endless\debug\cstartscene.obj
c:\users\sejin\desktop\folder\portfolio\endless\endless\debug\cshadermgr.obj
c:\users\sejin\desktop\folder\portfolio\endless\endless\debug\cshader.obj
c:\users\sejin\desktop\folder\portfolio\endless\endless\debug\cscenemgr.obj
c:\users\sejin\desktop\folder\portfolio\endless\endless\debug\cscene.obj
c:\users\sejin\desktop\folder\portfolio\endless\endless\debug\cobjectshader.obj
c:\users\sejin\desktop\folder\portfolio\endless\endless\debug\cplayer.obj
c:\users\sejin\desktop\folder\portfolio\endless\endless\debug\cobjectbuffer.obj
c:\users\sejin\desktop\folder\portfolio\endless\endless\debug\cobject.obj
c:\users\sejin\desktop\folder\portfolio\endless\endless\debug\ckeymgr.obj
c:\users\sejin\desktop\folder\portfolio\endless\endless\debug\cd3dapp.obj
c:\users\sejin\desktop\folder\portfolio\endless\endless\debug\ccentral.obj
c:\users\sejin\desktop\folder\portfolio\endless\endless\debug\ccamera.obj
c:\users\sejin\desktop\folder\portfolio\endless\endless\debug\cbuffermgr.obj
c:\users\sejin\desktop\folder\portfolio\endless\endless\debug\cbuffer.obj
c:\users\sejin\desktop\folder\portfolio\endless\endless\debug\main.obj
c:\users\sejin\desktop\folder\portfolio\endless\debug\endless.exe
c:\users\sejin\desktop\folder\portfolio\endless\debug\endless.ilk
c:\users\sejin\desktop\folder\portfolio\endless\debug\endless.pdb
c:\users\sejin\desktop\folder\portfolio\endless\endless\debug\endless.res
c:\users\sejin\desktop\folder\portfolio\endless\endless\debug\endless.tlog\cl.command.1.tlog
c:\users\sejin\desktop\folder\portfolio\endless\endless\debug\endless.tlog\cl.read.1.tlog
c:\users\sejin\desktop\folder\portfolio\endless\endless\debug\endless.tlog\cl.write.1.tlog
c:\users\sejin\desktop\folder\portfolio\endless\endless\debug\endless.tlog\link.command.1.tlog
c:\users\sejin\desktop\folder\portfolio\endless\endless\debug\endless.tlog\link.read.1.tlog
c:\users\sejin\desktop\folder\portfolio\endless\endless\debug\endless.tlog\link.write.1.tlog
c:\users\sejin\desktop\folder\portfolio\endless\endless\debug\endless.tlog\rc.command.1.tlog
c:\users\sejin\desktop\folder\portfolio\endless\endless\debug\endless.tlog\rc.read.1.tlog
c:\users\sejin\desktop\folder\portfolio\endless\endless\debug\endless.tlog\rc.write.1.tlog
